[ 2014-08-26T10:33:52+08:00 ] 127.0.0.1 /ci-github/thinkphp/
INFO: [ app_init ] --START--
INFO: Run Behavior\BuildLiteBehavior [ RunTime:0.000677s ]
INFO: [ app_init ] --END-- [ RunTime:0.006266s ]
INFO: [ app_begin ] --START--
INFO: Run Behavior\ReadHtmlCacheBehavior [ RunTime:0.005742s ]
INFO: [ app_begin ] --END-- [ RunTime:0.012290s ]
ERR: 无法加载控制器:Index

[ 2014-08-26T10:34:50+08:00 ] 127.0.0.1 /ci-github/thinkphp/
INFO: [ app_init ] --START--
INFO: Run Behavior\BuildLiteBehavior [ RunTime:0.000683s ]
INFO: [ app_init ] --END-- [ RunTime:0.006853s ]
INFO: [ app_begin ] --START--
INFO: Run Behavior\ReadHtmlCacheBehavior [ RunTime:0.005643s ]
INFO: [ app_begin ] --END-- [ RunTime:0.009922s ]
ERR: 无法加载控制器:Index

[ 2014-08-26T10:37:50+08:00 ] 127.0.0.1 /ci-github/thinkphp/Api/v1/index
INFO: [ app_init ] --START--
INFO: Run Behavior\BuildLiteBehavior [ RunTime:0.001130s ]
INFO: [ app_init ] --END-- [ RunTime:0.009539s ]
INFO: [ app_begin ] --START--
INFO: Run Behavior\ReadHtmlCacheBehavior [ RunTime:0.005940s ]
INFO: [ app_begin ] --END-- [ RunTime:0.011780s ]
INFO: [ view_parse ] --START--
INFO: [ template_filter ] --START--
INFO: Run Behavior\ContentReplaceBehavior [ RunTime:0.002217s ]
INFO: [ template_filter ] --END-- [ RunTime:0.007162s ]
INFO: Run Behavior\ParseTemplateBehavior [ RunTime:0.131258s ]
INFO: [ view_parse ] --END-- [ RunTime:0.137051s ]
INFO: [ view_filter ] --START--
INFO: Run Behavior\WriteHtmlCacheBehavior [ RunTime:0.003381s ]
INFO: [ view_filter ] --END-- [ RunTime:0.007987s ]
INFO: [ app_end ] --START--
INFO: Run Behavior\ShowPageTraceBehavior [ RunTime:0.007015s ]
INFO: [ app_end ] --END-- [ RunTime:0.011854s ]

[ 2014-08-26T10:58:53+08:00 ] 127.0.0.1 /ci-github/thinkphp/Api/v1/index
INFO: [ app_init ] --START--
INFO: Run Behavior\BuildLiteBehavior [ RunTime:0.000708s ]
INFO: [ app_init ] --END-- [ RunTime:0.005567s ]
INFO: [ app_begin ] --START--
INFO: Run Behavior\ReadHtmlCacheBehavior [ RunTime:0.004096s ]
INFO: [ app_begin ] --END-- [ RunTime:0.007972s ]
INFO: [ app_end ] --START--
INFO: Run Behavior\ShowPageTraceBehavior [ RunTime:0.005548s ]
INFO: [ app_end ] --END-- [ RunTime:0.010635s ]

[ 2014-08-26T11:02:43+08:00 ] 127.0.0.1 /ci-github/thinkphp/Api/v1/index
INFO: [ app_init ] --START--
INFO: Run Behavior\BuildLiteBehavior [ RunTime:0.000670s ]
INFO: [ app_init ] --END-- [ RunTime:0.005547s ]
INFO: [ app_begin ] --START--
INFO: Run Behavior\ReadHtmlCacheBehavior [ RunTime:0.003510s ]
INFO: [ app_begin ] --END-- [ RunTime:0.007898s ]
INFO: [ app_end ] --START--
INFO: Run Behavior\ShowPageTraceBehavior [ RunTime:0.005881s ]
INFO: [ app_end ] --END-- [ RunTime:0.011348s ]

[ 2014-08-26T11:02:47+08:00 ] 127.0.0.1 /ci-github/thinkphp/Api/v1/index
INFO: [ app_init ] --START--
INFO: Run Behavior\BuildLiteBehavior [ RunTime:0.000686s ]
INFO: [ app_init ] --END-- [ RunTime:0.005288s ]
INFO: [ app_begin ] --START--
INFO: Run Behavior\ReadHtmlCacheBehavior [ RunTime:0.004310s ]
INFO: [ app_begin ] --END-- [ RunTime:0.011635s ]
INFO: [ app_end ] --START--
INFO: Run Behavior\ShowPageTraceBehavior [ RunTime:0.003868s ]
INFO: [ app_end ] --END-- [ RunTime:0.008578s ]

[ 2014-08-26T11:03:49+08:00 ] 127.0.0.1 /ci-github/thinkphp/Api/v1/index
INFO: [ app_init ] --START--
INFO: Run Behavior\BuildLiteBehavior [ RunTime:0.001005s ]
INFO: [ app_init ] --END-- [ RunTime:0.008326s ]
INFO: [ app_begin ] --START--
INFO: Run Behavior\ReadHtmlCacheBehavior [ RunTime:0.003775s ]
INFO: [ app_begin ] --END-- [ RunTime:0.008489s ]
INFO: [ app_end ] --START--
INFO: Run Behavior\ShowPageTraceBehavior [ RunTime:0.003581s ]
INFO: [ app_end ] --END-- [ RunTime:0.007435s ]

[ 2014-08-26T11:07:31+08:00 ] 127.0.0.1 /ci-github/thinkphp/Api/v1/
INFO: [ app_init ] --START--
INFO: Run Behavior\BuildLiteBehavior [ RunTime:0.000983s ]
INFO: [ app_init ] --END-- [ RunTime:0.010158s ]
INFO: [ app_begin ] --START--
INFO: Run Behavior\ReadHtmlCacheBehavior [ RunTime:0.004889s ]
INFO: [ app_begin ] --END-- [ RunTime:0.011306s ]
INFO: [ app_end ] --START--
INFO: Run Behavior\ShowPageTraceBehavior [ RunTime:0.006319s ]
INFO: [ app_end ] --END-- [ RunTime:0.012144s ]

[ 2014-08-26T11:07:48+08:00 ] 127.0.0.1 /ci-github/thinkphp/Api/v1/method
INFO: [ app_init ] --START--
INFO: Run Behavior\BuildLiteBehavior [ RunTime:0.000670s ]
INFO: [ app_init ] --END-- [ RunTime:0.007348s ]
INFO: [ app_begin ] --START--
INFO: Run Behavior\ReadHtmlCacheBehavior [ RunTime:0.006589s ]
INFO: [ app_begin ] --END-- [ RunTime:0.015712s ]
ERR: 非法操作:method

[ 2014-08-26T11:07:56+08:00 ] 127.0.0.1 /ci-github/thinkphp/Api/v1/index
INFO: [ app_init ] --START--
INFO: Run Behavior\BuildLiteBehavior [ RunTime:0.001037s ]
INFO: [ app_init ] --END-- [ RunTime:0.006441s ]
INFO: [ app_begin ] --START--
INFO: Run Behavior\ReadHtmlCacheBehavior [ RunTime:0.005996s ]
INFO: [ app_begin ] --END-- [ RunTime:0.012243s ]
INFO: [ app_end ] --START--
INFO: Run Behavior\ShowPageTraceBehavior [ RunTime:0.005260s ]
INFO: [ app_end ] --END-- [ RunTime:0.009998s ]

[ 2014-08-26T11:12:32+08:00 ] 127.0.0.1 /ci-github/thinkphp/Api/v1/index
INFO: [ app_init ] --START--
INFO: Run Behavior\BuildLiteBehavior [ RunTime:0.000805s ]
INFO: [ app_init ] --END-- [ RunTime:0.008957s ]
INFO: [ app_begin ] --START--
INFO: Run Behavior\ReadHtmlCacheBehavior [ RunTime:0.004512s ]
INFO: [ app_begin ] --END-- [ RunTime:0.009260s ]
INFO: [ app_end ] --START--
INFO: Run Behavior\ShowPageTraceBehavior [ RunTime:0.005357s ]
INFO: [ app_end ] --END-- [ RunTime:0.011994s ]

[ 2014-08-26T11:12:38+08:00 ] 127.0.0.1 /ci-github/thinkphp/Api/v1/
INFO: [ app_init ] --START--
INFO: Run Behavior\BuildLiteBehavior [ RunTime:0.001016s ]
INFO: [ app_init ] --END-- [ RunTime:0.008171s ]
INFO: [ app_begin ] --START--
INFO: Run Behavior\ReadHtmlCacheBehavior [ RunTime:0.006332s ]
INFO: [ app_begin ] --END-- [ RunTime:0.012282s ]
INFO: [ app_end ] --START--
INFO: Run Behavior\ShowPageTraceBehavior [ RunTime:0.004820s ]
INFO: [ app_end ] --END-- [ RunTime:0.010185s ]

[ 2014-08-26T11:19:41+08:00 ] 127.0.0.1 /ci-github/thinkphp/Api/v1/
INFO: [ app_init ] --START--
INFO: Run Behavior\BuildLiteBehavior [ RunTime:0.000843s ]
INFO: [ app_init ] --END-- [ RunTime:0.006600s ]
INFO: [ app_begin ] --START--
INFO: Run Behavior\ReadHtmlCacheBehavior [ RunTime:0.004732s ]
INFO: [ app_begin ] --END-- [ RunTime:0.008944s ]
INFO: [ app_end ] --START--
INFO: Run Behavior\ShowPageTraceBehavior [ RunTime:0.003686s ]
INFO: [ app_end ] --END-- [ RunTime:0.007612s ]

[ 2014-08-26T11:20:30+08:00 ] 127.0.0.1 /ci-github/thinkphp/Api/v1/
INFO: [ app_init ] --START--
INFO: Run Behavior\BuildLiteBehavior [ RunTime:0.001063s ]
INFO: [ app_init ] --END-- [ RunTime:0.008575s ]
INFO: [ app_begin ] --START--
INFO: Run Behavior\ReadHtmlCacheBehavior [ RunTime:0.004249s ]
INFO: [ app_begin ] --END-- [ RunTime:0.010923s ]
INFO: [ app_end ] --START--
INFO: Run Behavior\ShowPageTraceBehavior [ RunTime:0.003875s ]
INFO: [ app_end ] --END-- [ RunTime:0.007732s ]

[ 2014-08-26T11:23:58+08:00 ] 127.0.0.1 /ci-github/thinkphp/Api/v1/
INFO: [ app_init ] --START--
INFO: Run Behavior\BuildLiteBehavior [ RunTime:0.001286s ]
INFO: [ app_init ] --END-- [ RunTime:0.007833s ]
INFO: [ app_begin ] --START--
INFO: Run Behavior\ReadHtmlCacheBehavior [ RunTime:0.004202s ]
INFO: [ app_begin ] --END-- [ RunTime:0.009363s ]
INFO: [ app_end ] --START--
INFO: Run Behavior\ShowPageTraceBehavior [ RunTime:0.006790s ]
INFO: [ app_end ] --END-- [ RunTime:0.012033s ]

[ 2014-08-26T11:26:10+08:00 ] 127.0.0.1 /ci-github/thinkphp/Api/v1/
INFO: [ app_init ] --START--
INFO: Run Behavior\BuildLiteBehavior [ RunTime:0.000672s ]
INFO: [ app_init ] --END-- [ RunTime:0.006238s ]
INFO: [ app_begin ] --START--
INFO: Run Behavior\ReadHtmlCacheBehavior [ RunTime:0.004243s ]
INFO: [ app_begin ] --END-- [ RunTime:0.009457s ]
NOTIC: [8] Array to string conversion D:\www\ci-github\thinkphp\Application\Api\Controller\V1Controller.class.php 第 16 行.
INFO: [ app_end ] --START--
INFO: Run Behavior\ShowPageTraceBehavior [ RunTime:0.006870s ]
INFO: [ app_end ] --END-- [ RunTime:0.013553s ]

[ 2014-08-26T11:26:28+08:00 ] 127.0.0.1 /ci-github/thinkphp/Api/v1/index/hi/yiqing
INFO: [ app_init ] --START--
INFO: Run Behavior\BuildLiteBehavior [ RunTime:0.000688s ]
INFO: [ app_init ] --END-- [ RunTime:0.005558s ]
INFO: [ app_begin ] --START--
INFO: Run Behavior\ReadHtmlCacheBehavior [ RunTime:0.004216s ]
INFO: [ app_begin ] --END-- [ RunTime:0.008899s ]
NOTIC: [8] Array to string conversion D:\www\ci-github\thinkphp\Application\Api\Controller\V1Controller.class.php 第 16 行.
INFO: [ app_end ] --START--
INFO: Run Behavior\ShowPageTraceBehavior [ RunTime:0.004050s ]
INFO: [ app_end ] --END-- [ RunTime:0.008228s ]

[ 2014-08-26T11:26:32+08:00 ] 127.0.0.1 /ci-github/thinkphp/Api/v1/index/hi/yiqing
INFO: [ app_init ] --START--
INFO: Run Behavior\BuildLiteBehavior [ RunTime:0.000709s ]
INFO: [ app_init ] --END-- [ RunTime:0.005503s ]
INFO: [ app_begin ] --START--
INFO: Run Behavior\ReadHtmlCacheBehavior [ RunTime:0.005120s ]
INFO: [ app_begin ] --END-- [ RunTime:0.009657s ]
NOTIC: [8] Array to string conversion D:\www\ci-github\thinkphp\Application\Api\Controller\V1Controller.class.php 第 16 行.
INFO: [ app_end ] --START--
INFO: Run Behavior\ShowPageTraceBehavior [ RunTime:0.005702s ]
INFO: [ app_end ] --END-- [ RunTime:0.010229s ]

[ 2014-08-26T11:26:49+08:00 ] 127.0.0.1 /ci-github/thinkphp/Api/v1/index/hi/yiqing
INFO: [ app_init ] --START--
INFO: Run Behavior\BuildLiteBehavior [ RunTime:0.000945s ]
INFO: [ app_init ] --END-- [ RunTime:0.006220s ]
INFO: [ app_begin ] --START--
INFO: Run Behavior\ReadHtmlCacheBehavior [ RunTime:0.003579s ]
INFO: [ app_begin ] --END-- [ RunTime:0.007812s ]
INFO: [ app_end ] --START--
INFO: Run Behavior\ShowPageTraceBehavior [ RunTime:0.005625s ]
INFO: [ app_end ] --END-- [ RunTime:0.009788s ]

[ 2014-08-26T11:32:17+08:00 ] 127.0.0.1 /ci-github/thinkphp/Api/v1/index/hi/yiqing
INFO: [ app_init ] --START--
INFO: Run Behavior\BuildLiteBehavior [ RunTime:0.000678s ]
INFO: [ app_init ] --END-- [ RunTime:0.006189s ]
INFO: [ app_begin ] --START--
INFO: Run Behavior\ReadHtmlCacheBehavior [ RunTime:0.003962s ]
INFO: [ app_begin ] --END-- [ RunTime:0.007959s ]
NOTIC: [2] get_class() expects parameter 1 to be object, boolean given D:\www\ci-github\thinkphp\Application\Api\Controller\V1Controller.class.php 第 28 行.
INFO: [ app_end ] --START--
INFO: Run Behavior\ShowPageTraceBehavior [ RunTime:0.004587s ]
INFO: [ app_end ] --END-- [ RunTime:0.009395s ]

[ 2014-08-26T11:32:48+08:00 ] 127.0.0.1 /ci-github/thinkphp/Api/v1/index/hi/yiqing
INFO: [ app_init ] --START--
INFO: Run Behavior\BuildLiteBehavior [ RunTime:0.000674s ]
INFO: [ app_init ] --END-- [ RunTime:0.005888s ]
INFO: [ app_begin ] --START--
INFO: Run Behavior\ReadHtmlCacheBehavior [ RunTime:0.004364s ]
INFO: [ app_begin ] --END-- [ RunTime:0.008540s ]

[ 2014-08-26T11:33:05+08:00 ] 127.0.0.1 /ci-github/thinkphp/Api/v1/index/hi/yiqing
INFO: [ app_init ] --START--
INFO: Run Behavior\BuildLiteBehavior [ RunTime:0.001041s ]
INFO: [ app_init ] --END-- [ RunTime:0.007408s ]
INFO: [ app_begin ] --START--
INFO: Run Behavior\ReadHtmlCacheBehavior [ RunTime:0.004424s ]
INFO: [ app_begin ] --END-- [ RunTime:0.008872s ]
NOTIC: [2] get_class() expects parameter 1 to be object, boolean given D:\www\ci-github\thinkphp\Application\Api\Controller\V1Controller.class.php 第 28 行.
INFO: [ app_end ] --START--
INFO: Run Behavior\ShowPageTraceBehavior [ RunTime:0.004098s ]
INFO: [ app_end ] --END-- [ RunTime:0.008622s ]

[ 2014-08-26T11:34:32+08:00 ] 127.0.0.1 /ci-github/thinkphp/Api/v1/index/hi/yiqing
INFO: [ app_init ] --START--
INFO: Run Behavior\BuildLiteBehavior [ RunTime:0.000697s ]
INFO: [ app_init ] --END-- [ RunTime:0.005850s ]
INFO: [ app_begin ] --START--
INFO: Run Behavior\ReadHtmlCacheBehavior [ RunTime:0.004297s ]
INFO: [ app_begin ] --END-- [ RunTime:0.009010s ]
INFO: [ app_end ] --START--
INFO: Run Behavior\ShowPageTraceBehavior [ RunTime:0.003533s ]
INFO: [ app_end ] --END-- [ RunTime:0.007944s ]

[ 2014-08-26T14:53:36+08:00 ] 127.0.0.1 /ci-github/thinkphp/Api/v1/index/hi/yiqing
INFO: [ app_init ] --START--
INFO: Run Behavior\BuildLiteBehavior [ RunTime:0.001109s ]
INFO: [ app_init ] --END-- [ RunTime:0.021141s ]
INFO: [ app_begin ] --START--
INFO: Run Behavior\ReadHtmlCacheBehavior [ RunTime:0.004834s ]
INFO: [ app_begin ] --END-- [ RunTime:0.008568s ]
INFO: [ app_end ] --START--
INFO: Run Behavior\ShowPageTraceBehavior [ RunTime:0.003853s ]
INFO: [ app_end ] --END-- [ RunTime:0.007875s ]

[ 2014-08-26T14:53:59+08:00 ] 127.0.0.1 /ci-github/thinkphp/Api/v1/index/hi/yiqing
INFO: [ app_init ] --START--
INFO: Run Behavior\BuildLiteBehavior [ RunTime:0.001088s ]
INFO: [ app_init ] --END-- [ RunTime:0.005870s ]
INFO: [ app_begin ] --START--
INFO: Run Behavior\ReadHtmlCacheBehavior [ RunTime:0.003452s ]
INFO: [ app_begin ] --END-- [ RunTime:0.007473s ]
INFO: [ app_end ] --START--
INFO: Run Behavior\ShowPageTraceBehavior [ RunTime:0.003331s ]
INFO: [ app_end ] --END-- [ RunTime:0.007195s ]

[ 2014-08-26T15:40:43+08:00 ] 127.0.0.1 /ci-github/thinkphp/Api/v1/index/hi/yiqing
INFO: [ app_init ] --START--
INFO: Run Behavior\BuildLiteBehavior [ RunTime:0.000873s ]
INFO: [ app_init ] --END-- [ RunTime:0.009951s ]
INFO: [ app_begin ] --START--
INFO: Run Behavior\ReadHtmlCacheBehavior [ RunTime:0.004781s ]
INFO: [ app_begin ] --END-- [ RunTime:0.008852s ]
INFO: [ app_end ] --START--
INFO: Run Behavior\ShowPageTraceBehavior [ RunTime:0.003343s ]
INFO: [ app_end ] --END-- [ RunTime:0.007446s ]

[ 2014-08-26T15:42:44+08:00 ] 127.0.0.1 /ci-github/thinkphp/Api/v1/index/hi/yiqing
INFO: [ app_init ] --START--
INFO: Run Behavior\BuildLiteBehavior [ RunTime:0.000693s ]
INFO: [ app_init ] --END-- [ RunTime:0.005226s ]
INFO: [ app_begin ] --START--
INFO: Run Behavior\ReadHtmlCacheBehavior [ RunTime:0.004226s ]
INFO: [ app_begin ] --END-- [ RunTime:0.009533s ]
INFO: [ app_end ] --START--
INFO: Run Behavior\ShowPageTraceBehavior [ RunTime:0.003714s ]
INFO: [ app_end ] --END-- [ RunTime:0.009590s ]

[ 2014-08-26T15:42:48+08:00 ] 127.0.0.1 /ci-github/thinkphp/Api/v1/index/hi/yiqing
INFO: [ app_init ] --START--
INFO: Run Behavior\BuildLiteBehavior [ RunTime:0.000708s ]
INFO: [ app_init ] --END-- [ RunTime:0.005724s ]
INFO: [ app_begin ] --START--
INFO: Run Behavior\ReadHtmlCacheBehavior [ RunTime:0.004990s ]
INFO: [ app_begin ] --END-- [ RunTime:0.010578s ]
INFO: [ app_end ] --START--
INFO: Run Behavior\ShowPageTraceBehavior [ RunTime:0.005130s ]
INFO: [ app_end ] --END-- [ RunTime:0.009586s ]

[ 2014-08-26T15:50:23+08:00 ] 127.0.0.1 /ci-github/thinkphp/Api/v1/index/hi/yiqing
INFO: [ app_init ] --START--
INFO: Run Behavior\BuildLiteBehavior [ RunTime:0.001101s ]
INFO: [ app_init ] --END-- [ RunTime:0.008673s ]
INFO: [ app_begin ] --START--
INFO: Run Behavior\ReadHtmlCacheBehavior [ RunTime:0.006151s ]
INFO: [ app_begin ] --END-- [ RunTime:0.012742s ]
INFO: [ app_end ] --START--
INFO: Run Behavior\ShowPageTraceBehavior [ RunTime:0.003858s ]
INFO: [ app_end ] --END-- [ RunTime:0.007979s ]

[ 2014-08-26T15:54:45+08:00 ] 127.0.0.1 /ci-github/thinkphp/Api/v1/index/hi/yiqing
INFO: [ app_init ] --START--
INFO: Run Behavior\BuildLiteBehavior [ RunTime:0.001675s ]
INFO: [ app_init ] --END-- [ RunTime:0.007755s ]
INFO: [ app_begin ] --START--
INFO: Run Behavior\ReadHtmlCacheBehavior [ RunTime:0.003332s ]
INFO: [ app_begin ] --END-- [ RunTime:0.007095s ]
INFO: [ app_end ] --START--
INFO: Run Behavior\ShowPageTraceBehavior [ RunTime:0.004285s ]
INFO: [ app_end ] --END-- [ RunTime:0.008485s ]

[ 2014-08-26T16:08:58+08:00 ] 127.0.0.1 /ci-github/thinkphp/Api/v1/index/hi/yiqing
INFO: [ app_init ] --START--
INFO: Run Behavior\BuildLiteBehavior [ RunTime:0.000729s ]
INFO: [ app_init ] --END-- [ RunTime:0.007466s ]
INFO: [ app_begin ] --START--
INFO: Run Behavior\ReadHtmlCacheBehavior [ RunTime:0.003453s ]
INFO: [ app_begin ] --END-- [ RunTime:0.009250s ]
INFO: [ app_end ] --START--
INFO: Run Behavior\ShowPageTraceBehavior [ RunTime:0.004333s ]
INFO: [ app_end ] --END-- [ RunTime:0.008339s ]

[ 2014-08-26T16:10:24+08:00 ] 127.0.0.1 /ci-github/thinkphp/Api/v1/index/hi/yiqing
INFO: [ app_init ] --START--
INFO: Run Behavior\BuildLiteBehavior [ RunTime:0.000746s ]
INFO: [ app_init ] --END-- [ RunTime:0.005789s ]
INFO: [ app_begin ] --START--
INFO: Run Behavior\ReadHtmlCacheBehavior [ RunTime:0.005678s ]
INFO: [ app_begin ] --END-- [ RunTime:0.011138s ]
INFO: [ app_end ] --START--
INFO: Run Behavior\ShowPageTraceBehavior [ RunTime:0.004264s ]
INFO: [ app_end ] --END-- [ RunTime:0.008599s ]

[ 2014-08-26T16:10:41+08:00 ] 127.0.0.1 /ci-github/thinkphp/Api/v1/index/hi/yiqing
INFO: [ app_init ] --START--
INFO: Run Behavior\BuildLiteBehavior [ RunTime:0.001226s ]
INFO: [ app_init ] --END-- [ RunTime:0.008746s ]
INFO: [ app_begin ] --START--
INFO: Run Behavior\ReadHtmlCacheBehavior [ RunTime:0.006915s ]
INFO: [ app_begin ] --END-- [ RunTime:0.012176s ]
INFO: [ app_end ] --START--
INFO: Run Behavior\ShowPageTraceBehavior [ RunTime:0.005469s ]
INFO: [ app_end ] --END-- [ RunTime:0.010600s ]

[ 2014-08-26T16:34:32+08:00 ] 127.0.0.1 /ci-github/thinkphp/Api/v1/index/hi/yiqing
INFO: [ app_init ] --START--
INFO: Run Behavior\BuildLiteBehavior [ RunTime:0.001210s ]
INFO: [ app_init ] --END-- [ RunTime:0.008091s ]
INFO: [ app_begin ] --START--
INFO: Run Behavior\ReadHtmlCacheBehavior [ RunTime:0.004622s ]
INFO: [ app_begin ] --END-- [ RunTime:0.008729s ]
ERR: 22

[ 2014-08-26T16:35:41+08:00 ] 127.0.0.1 /ci-github/thinkphp/Api/v1/index/hi/yiqing
INFO: [ app_init ] --START--
INFO: Run Behavior\BuildLiteBehavior [ RunTime:0.001156s ]
INFO: [ app_init ] --END-- [ RunTime:0.006726s ]
INFO: [ app_begin ] --START--
INFO: Run Behavior\ReadHtmlCacheBehavior [ RunTime:0.004902s ]
INFO: [ app_begin ] --END-- [ RunTime:0.008934s ]
INFO: [ app_end ] --START--
INFO: Run Behavior\ShowPageTraceBehavior [ RunTime:0.003824s ]
INFO: [ app_end ] --END-- [ RunTime:0.008607s ]

[ 2014-08-26T16:36:48+08:00 ] 127.0.0.1 /ci-github/thinkphp/Api/v1/index/hi/yiqing
INFO: [ app_init ] --START--
INFO: Run Behavior\BuildLiteBehavior [ RunTime:0.000708s ]
INFO: [ app_init ] --END-- [ RunTime:0.006352s ]
INFO: [ app_begin ] --START--
INFO: Run Behavior\ReadHtmlCacheBehavior [ RunTime:0.003708s ]
INFO: [ app_begin ] --END-- [ RunTime:0.007663s ]
ERR: 20

[ 2014-08-26T16:37:05+08:00 ] 127.0.0.1 /ci-github/thinkphp/Api/v1/index/hi/yiqing
INFO: [ app_init ] --START--
INFO: Run Behavior\BuildLiteBehavior [ RunTime:0.000854s ]
INFO: [ app_init ] --END-- [ RunTime:0.007977s ]
INFO: [ app_begin ] --START--
INFO: Run Behavior\ReadHtmlCacheBehavior [ RunTime:0.004115s ]
INFO: [ app_begin ] --END-- [ RunTime:0.008942s ]
ERR: 23

[ 2014-08-26T16:37:56+08:00 ] 127.0.0.1 /ci-github/thinkphp/Api/v1/index/hi/yiqing
INFO: [ app_init ] --START--
INFO: Run Behavior\BuildLiteBehavior [ RunTime:0.000678s ]
INFO: [ app_init ] --END-- [ RunTime:0.005939s ]
INFO: [ app_begin ] --START--
INFO: Run Behavior\ReadHtmlCacheBehavior [ RunTime:0.003667s ]
INFO: [ app_begin ] --END-- [ RunTime:0.007472s ]
ERR: missing required parameters: v1 

[ 2014-08-26T16:42:19+08:00 ] 127.0.0.1 /ci-github/thinkphp/Api/v1/index/hi/yiqing
INFO: [ app_init ] --START--
INFO: Run Behavior\BuildLiteBehavior [ RunTime:0.000981s ]
INFO: [ app_init ] --END-- [ RunTime:0.008485s ]
INFO: [ app_begin ] --START--
INFO: Run Behavior\ReadHtmlCacheBehavior [ RunTime:0.004038s ]
INFO: [ app_begin ] --END-- [ RunTime:0.008886s ]
ERR: missing required parameters: v1 

[ 2014-08-26T16:42:22+08:00 ] 127.0.0.1 /ci-github/thinkphp/Api/v1/index/hi/yiqing
INFO: [ app_init ] --START--
INFO: Run Behavior\BuildLiteBehavior [ RunTime:0.000818s ]
INFO: [ app_init ] --END-- [ RunTime:0.006196s ]
INFO: [ app_begin ] --START--
INFO: Run Behavior\ReadHtmlCacheBehavior [ RunTime:0.003809s ]
INFO: [ app_begin ] --END-- [ RunTime:0.008290s ]
ERR: missing required parameters: v1 

[ 2014-08-26T16:42:25+08:00 ] 127.0.0.1 /ci-github/thinkphp/Api/v1/index/hi/yiqing
INFO: [ app_init ] --START--
INFO: Run Behavior\BuildLiteBehavior [ RunTime:0.000905s ]
INFO: [ app_init ] --END-- [ RunTime:0.006831s ]
INFO: [ app_begin ] --START--
INFO: Run Behavior\ReadHtmlCacheBehavior [ RunTime:0.005278s ]
INFO: [ app_begin ] --END-- [ RunTime:0.010456s ]
ERR: missing required parameters: v1 

[ 2014-08-26T16:42:59+08:00 ] 127.0.0.1 /ci-github/thinkphp/Api/v1/index/hi/yiqing
INFO: [ app_init ] --START--
INFO: Run Behavior\BuildLiteBehavior [ RunTime:0.001050s ]
INFO: [ app_init ] --END-- [ RunTime:0.006655s ]
INFO: [ app_begin ] --START--
INFO: Run Behavior\ReadHtmlCacheBehavior [ RunTime:0.003427s ]
INFO: [ app_begin ] --END-- [ RunTime:0.007249s ]
INFO: [ app_end ] --START--
INFO: Run Behavior\ShowPageTraceBehavior [ RunTime:0.004568s ]
INFO: [ app_end ] --END-- [ RunTime:0.008958s ]

[ 2014-08-26T16:44:04+08:00 ] 127.0.0.1 /ci-github/thinkphp/Api/v1/index/hi/yiqing
INFO: [ app_init ] --START--
INFO: Run Behavior\BuildLiteBehavior [ RunTime:0.000823s ]
INFO: [ app_init ] --END-- [ RunTime:0.007107s ]
INFO: [ app_begin ] --START--
INFO: Run Behavior\ReadHtmlCacheBehavior [ RunTime:0.003905s ]
INFO: [ app_begin ] --END-- [ RunTime:0.008162s ]
INFO: [ app_end ] --START--
INFO: Run Behavior\ShowPageTraceBehavior [ RunTime:0.005387s ]
INFO: [ app_end ] --END-- [ RunTime:0.010743s ]

[ 2014-08-26T16:45:02+08:00 ] 127.0.0.1 /ci-github/thinkphp/Api/v1/index/hi/yiqing
INFO: [ app_init ] --START--
INFO: Run Behavior\BuildLiteBehavior [ RunTime:0.000678s ]
INFO: [ app_init ] --END-- [ RunTime:0.005121s ]
INFO: [ app_begin ] --START--
INFO: Run Behavior\ReadHtmlCacheBehavior [ RunTime:0.005380s ]
INFO: [ app_begin ] --END-- [ RunTime:0.010061s ]
INFO: [ app_end ] --START--
INFO: Run Behavior\ShowPageTraceBehavior [ RunTime:0.004270s ]
INFO: [ app_end ] --END-- [ RunTime:0.008400s ]

[ 2014-08-26T16:46:31+08:00 ] 127.0.0.1 /ci-github/thinkphp/Api/v1/index/hi/yiqing
INFO: [ app_init ] --START--
INFO: Run Behavior\BuildLiteBehavior [ RunTime:0.000713s ]
INFO: [ app_init ] --END-- [ RunTime:0.006173s ]
INFO: [ app_begin ] --START--
INFO: Run Behavior\ReadHtmlCacheBehavior [ RunTime:0.003415s ]
INFO: [ app_begin ] --END-- [ RunTime:0.007374s ]
INFO: [ app_end ] --START--
INFO: Run Behavior\ShowPageTraceBehavior [ RunTime:0.005011s ]
INFO: [ app_end ] --END-- [ RunTime:0.010631s ]

[ 2014-08-26T16:46:55+08:00 ] 127.0.0.1 /ci-github/thinkphp/Api/v1/index/hi/yiqing
INFO: [ app_init ] --START--
INFO: Run Behavior\BuildLiteBehavior [ RunTime:0.000743s ]
INFO: [ app_init ] --END-- [ RunTime:0.005312s ]
INFO: [ app_begin ] --START--
INFO: Run Behavior\ReadHtmlCacheBehavior [ RunTime:0.005527s ]
INFO: [ app_begin ] --END-- [ RunTime:0.011101s ]
INFO: [ app_end ] --START--
INFO: Run Behavior\ShowPageTraceBehavior [ RunTime:0.005855s ]
INFO: [ app_end ] --END-- [ RunTime:0.010201s ]

[ 2014-08-26T16:46:57+08:00 ] 127.0.0.1 /ci-github/thinkphp/Api/v1/index/hi/yiqing
INFO: [ app_init ] --START--
INFO: Run Behavior\BuildLiteBehavior [ RunTime:0.001040s ]
INFO: [ app_init ] --END-- [ RunTime:0.010986s ]
INFO: [ app_begin ] --START--
INFO: Run Behavior\ReadHtmlCacheBehavior [ RunTime:0.008720s ]
INFO: [ app_begin ] --END-- [ RunTime:0.014786s ]
INFO: [ app_end ] --START--
INFO: Run Behavior\ShowPageTraceBehavior [ RunTime:0.005391s ]
INFO: [ app_end ] --END-- [ RunTime:0.012632s ]

[ 2014-08-26T16:47:49+08:00 ] 127.0.0.1 /ci-github/thinkphp/Api/v1/index/hi/yiqing
INFO: [ app_init ] --START--
INFO: Run Behavior\BuildLiteBehavior [ RunTime:0.002270s ]
INFO: [ app_init ] --END-- [ RunTime:0.009078s ]
INFO: [ app_begin ] --START--
INFO: Run Behavior\ReadHtmlCacheBehavior [ RunTime:0.005081s ]
INFO: [ app_begin ] --END-- [ RunTime:0.009902s ]
INFO: [ app_end ] --START--
INFO: Run Behavior\ShowPageTraceBehavior [ RunTime:0.009060s ]
INFO: [ app_end ] --END-- [ RunTime:0.014916s ]

[ 2014-08-26T16:48:10+08:00 ] 127.0.0.1 /ci-github/thinkphp/Api/v1/index/hi/yiqing
INFO: [ app_init ] --START--
INFO: Run Behavior\BuildLiteBehavior [ RunTime:0.001162s ]
INFO: [ app_init ] --END-- [ RunTime:0.007174s ]
INFO: [ app_begin ] --START--
INFO: Run Behavior\ReadHtmlCacheBehavior [ RunTime:0.005949s ]
INFO: [ app_begin ] --END-- [ RunTime:0.010321s ]

[ 2014-08-26T16:49:19+08:00 ] 127.0.0.1 /ci-github/thinkphp/Api/v1/index/hi/yiqing
INFO: [ app_init ] --START--
INFO: Run Behavior\BuildLiteBehavior [ RunTime:0.001455s ]
INFO: [ app_init ] --END-- [ RunTime:0.008392s ]
INFO: [ app_begin ] --START--
INFO: Run Behavior\ReadHtmlCacheBehavior [ RunTime:0.005568s ]
INFO: [ app_begin ] --END-- [ RunTime:0.010563s ]
INFO: [ app_end ] --START--
INFO: Run Behavior\ShowPageTraceBehavior [ RunTime:0.004909s ]
INFO: [ app_end ] --END-- [ RunTime:0.010277s ]

[ 2014-08-26T16:50:07+08:00 ] 127.0.0.1 /ci-github/thinkphp/Api/v1/index/hi/yiqing
INFO: [ app_init ] --START--
INFO: Run Behavior\BuildLiteBehavior [ RunTime:0.000759s ]
INFO: [ app_init ] --END-- [ RunTime:0.007758s ]
INFO: [ app_begin ] --START--
INFO: Run Behavior\ReadHtmlCacheBehavior [ RunTime:0.003865s ]
INFO: [ app_begin ] --END-- [ RunTime:0.008034s ]
INFO: [ app_end ] --START--
INFO: Run Behavior\ShowPageTraceBehavior [ RunTime:0.005120s ]
INFO: [ app_end ] --END-- [ RunTime:0.009647s ]

[ 2014-08-26T16:50:54+08:00 ] 127.0.0.1 /ci-github/thinkphp/Api/v1/index/hi/yiqing
INFO: [ app_init ] --START--
INFO: Run Behavior\BuildLiteBehavior [ RunTime:0.000722s ]
INFO: [ app_init ] --END-- [ RunTime:0.005798s ]
INFO: [ app_begin ] --START--
INFO: Run Behavior\ReadHtmlCacheBehavior [ RunTime:0.004441s ]
INFO: [ app_begin ] --END-- [ RunTime:0.010190s ]

[ 2014-08-26T16:55:42+08:00 ] 127.0.0.1 /ci-github/thinkphp/Api/v1/index/hi/yiqing
INFO: [ app_init ] --START--
INFO: Run Behavior\BuildLiteBehavior [ RunTime:0.000682s ]
INFO: [ app_init ] --END-- [ RunTime:0.006108s ]
INFO: [ app_begin ] --START--
INFO: Run Behavior\ReadHtmlCacheBehavior [ RunTime:0.005979s ]
INFO: [ app_begin ] --END-- [ RunTime:0.011717s ]
INFO: [ app_end ] --START--
INFO: Run Behavior\ShowPageTraceBehavior [ RunTime:0.004418s ]
INFO: [ app_end ] --END-- [ RunTime:0.010466s ]

[ 2014-08-26T16:58:45+08:00 ] 127.0.0.1 /ci-github/thinkphp/Api/v1/index/hi/yiqing
INFO: [ app_init ] --START--
INFO: Run Behavior\BuildLiteBehavior [ RunTime:0.000906s ]
INFO: [ app_init ] --END-- [ RunTime:0.006441s ]
INFO: [ app_begin ] --START--
INFO: Run Behavior\ReadHtmlCacheBehavior [ RunTime:0.003971s ]
INFO: [ app_begin ] --END-- [ RunTime:0.008433s ]
INFO: [ app_end ] --START--
INFO: Run Behavior\ShowPageTraceBehavior [ RunTime:0.003526s ]
INFO: [ app_end ] --END-- [ RunTime:0.007797s ]

[ 2014-08-26T16:59:01+08:00 ] 127.0.0.1 /ci-github/thinkphp/Api/v1/index/hi/yiqing
INFO: [ app_init ] --START--
INFO: Run Behavior\BuildLiteBehavior [ RunTime:0.000721s ]
INFO: [ app_init ] --END-- [ RunTime:0.006775s ]
INFO: [ app_begin ] --START--
INFO: Run Behavior\ReadHtmlCacheBehavior [ RunTime:0.006472s ]
INFO: [ app_begin ] --END-- [ RunTime:0.013184s ]
INFO: [ app_end ] --START--
INFO: Run Behavior\ShowPageTraceBehavior [ RunTime:0.003920s ]
INFO: [ app_end ] --END-- [ RunTime:0.008794s ]

[ 2014-08-26T17:14:38+08:00 ] 127.0.0.1 /ci-github/thinkphp/Api/v1/index/hi/yiqing
INFO: [ app_init ] --START--
INFO: Run Behavior\BuildLiteBehavior [ RunTime:0.000712s ]
INFO: [ app_init ] --END-- [ RunTime:0.005482s ]
INFO: [ app_begin ] --START--
INFO: Run Behavior\ReadHtmlCacheBehavior [ RunTime:0.003735s ]
INFO: [ app_begin ] --END-- [ RunTime:0.008016s ]
INFO: [ app_end ] --START--
INFO: Run Behavior\ShowPageTraceBehavior [ RunTime:0.003953s ]
INFO: [ app_end ] --END-- [ RunTime:0.008448s ]

[ 2014-08-26T17:16:27+08:00 ] 127.0.0.1 /ci-github/thinkphp/Api/v1/index
INFO: [ app_init ] --START--
INFO: Run Behavior\BuildLiteBehavior [ RunTime:0.000703s ]
INFO: [ app_init ] --END-- [ RunTime:0.005355s ]
INFO: [ app_begin ] --START--
INFO: Run Behavior\ReadHtmlCacheBehavior [ RunTime:0.005469s ]
INFO: [ app_begin ] --END-- [ RunTime:0.011263s ]
INFO: [ app_end ] --START--
INFO: Run Behavior\ShowPageTraceBehavior [ RunTime:0.005653s ]
INFO: [ app_end ] --END-- [ RunTime:0.009577s ]

[ 2014-08-26T17:17:28+08:00 ] 127.0.0.1 /ci-github/thinkphp/Api/v1/index
INFO: [ app_init ] --START--
INFO: Run Behavior\BuildLiteBehavior [ RunTime:0.001175s ]
INFO: [ app_init ] --END-- [ RunTime:0.006051s ]
INFO: [ app_begin ] --START--
INFO: Run Behavior\ReadHtmlCacheBehavior [ RunTime:0.004043s ]
INFO: [ app_begin ] --END-- [ RunTime:0.008276s ]
INFO: [ app_end ] --START--
INFO: Run Behavior\ShowPageTraceBehavior [ RunTime:0.005746s ]
INFO: [ app_end ] --END-- [ RunTime:0.010123s ]

[ 2014-08-26T17:25:32+08:00 ] 127.0.0.1 /ci-github/thinkphp/Api/v1/index
INFO: [ app_init ] --START--
INFO: Run Behavior\BuildLiteBehavior [ RunTime:0.000708s ]
INFO: [ app_init ] --END-- [ RunTime:0.006556s ]
INFO: [ app_begin ] --START--
INFO: Run Behavior\ReadHtmlCacheBehavior [ RunTime:0.004900s ]
INFO: [ app_begin ] --END-- [ RunTime:0.010134s ]
INFO: [ app_end ] --START--
INFO: Run Behavior\ShowPageTraceBehavior [ RunTime:0.004000s ]
INFO: [ app_end ] --END-- [ RunTime:0.008967s ]

[ 2014-08-26T17:25:50+08:00 ] 127.0.0.1 /ci-github/thinkphp/Api/v1/index
INFO: [ app_init ] --START--
INFO: Run Behavior\BuildLiteBehavior [ RunTime:0.001089s ]
INFO: [ app_init ] --END-- [ RunTime:0.006577s ]
INFO: [ app_begin ] --START--
INFO: Run Behavior\ReadHtmlCacheBehavior [ RunTime:0.003894s ]
INFO: [ app_begin ] --END-- [ RunTime:0.008891s ]
INFO: [ app_end ] --START--
INFO: Run Behavior\ShowPageTraceBehavior [ RunTime:0.003905s ]
INFO: [ app_end ] --END-- [ RunTime:0.007845s ]

[ 2014-08-26T17:29:07+08:00 ] 127.0.0.1 /ci-github/thinkphp/Api/v1/index
INFO: [ app_init ] --START--
INFO: Run Behavior\BuildLiteBehavior [ RunTime:0.000683s ]
INFO: [ app_init ] --END-- [ RunTime:0.005456s ]
INFO: [ app_begin ] --START--
INFO: Run Behavior\ReadHtmlCacheBehavior [ RunTime:0.005460s ]
INFO: [ app_begin ] --END-- [ RunTime:0.010651s ]
INFO: [ app_end ] --START--
INFO: Run Behavior\ShowPageTraceBehavior [ RunTime:0.003647s ]
INFO: [ app_end ] --END-- [ RunTime:0.008095s ]

[ 2014-08-26T17:31:47+08:00 ] 127.0.0.1 /ci-github/thinkphp/Api/v1/index
INFO: [ app_init ] --START--
INFO: Run Behavior\BuildLiteBehavior [ RunTime:0.001450s ]
INFO: [ app_init ] --END-- [ RunTime:0.007694s ]
INFO: [ app_begin ] --START--
INFO: Run Behavior\ReadHtmlCacheBehavior [ RunTime:0.003272s ]
INFO: [ app_begin ] --END-- [ RunTime:0.007432s ]
INFO: [ app_end ] --START--
INFO: Run Behavior\ShowPageTraceBehavior [ RunTime:0.005003s ]
INFO: [ app_end ] --END-- [ RunTime:0.010005s ]

[ 2014-08-26T17:31:57+08:00 ] 127.0.0.1 /ci-github/thinkphp/Api/v1/index
INFO: [ app_init ] --START--
INFO: Run Behavior\BuildLiteBehavior [ RunTime:0.000938s ]
INFO: [ app_init ] --END-- [ RunTime:0.006493s ]
INFO: [ app_begin ] --START--
INFO: Run Behavior\ReadHtmlCacheBehavior [ RunTime:0.003311s ]
INFO: [ app_begin ] --END-- [ RunTime:0.007992s ]
INFO: [ app_end ] --START--
INFO: Run Behavior\ShowPageTraceBehavior [ RunTime:0.004148s ]
INFO: [ app_end ] --END-- [ RunTime:0.008860s ]

[ 2014-08-26T17:32:46+08:00 ] 127.0.0.1 /ci-github/thinkphp/Api/v1/index
INFO: [ app_init ] --START--
INFO: Run Behavior\BuildLiteBehavior [ RunTime:0.000734s ]
INFO: [ app_init ] --END-- [ RunTime:0.006372s ]
INFO: [ app_begin ] --START--
INFO: Run Behavior\ReadHtmlCacheBehavior [ RunTime:0.004159s ]
INFO: [ app_begin ] --END-- [ RunTime:0.008779s ]
INFO: [ app_end ] --START--
INFO: Run Behavior\ShowPageTraceBehavior [ RunTime:0.006192s ]
INFO: [ app_end ] --END-- [ RunTime:0.011023s ]

[ 2014-08-26T17:35:08+08:00 ] 127.0.0.1 /ci-github/thinkphp/Api/v1/index/hi/yiqing
INFO: [ app_init ] --START--
INFO: Run Behavior\BuildLiteBehavior [ RunTime:0.000694s ]
INFO: [ app_init ] --END-- [ RunTime:0.005607s ]
INFO: [ app_begin ] --START--
INFO: Run Behavior\ReadHtmlCacheBehavior [ RunTime:0.003510s ]
INFO: [ app_begin ] --END-- [ RunTime:0.007845s ]
ERR: 23

[ 2014-08-26T17:35:27+08:00 ] 127.0.0.1 /ci-github/thinkphp/Api/v1/index/method/user.he
INFO: [ app_init ] --START--
INFO: Run Behavior\BuildLiteBehavior [ RunTime:0.001245s ]
INFO: [ app_init ] --END-- [ RunTime:0.010101s ]
INFO: [ app_begin ] --START--
INFO: Run Behavior\ReadHtmlCacheBehavior [ RunTime:0.004589s ]
INFO: [ app_begin ] --END-- [ RunTime:0.009194s ]
ERR: 23

[ 2014-08-26T17:35:32+08:00 ] 127.0.0.1 /ci-github/thinkphp/Api/v1/index/method/user.he
INFO: [ app_init ] --START--
INFO: Run Behavior\BuildLiteBehavior [ RunTime:0.000674s ]
INFO: [ app_init ] --END-- [ RunTime:0.006255s ]
INFO: [ app_begin ] --START--
INFO: Run Behavior\ReadHtmlCacheBehavior [ RunTime:0.003565s ]
INFO: [ app_begin ] --END-- [ RunTime:0.008231s ]
ERR: 23

[ 2014-08-26T17:53:16+08:00 ] 127.0.0.1 /ci-github/thinkphp/Api/v1/index/method/user.heddd
INFO: [ app_init ] --START--
INFO: Run Behavior\BuildLiteBehavior [ RunTime:0.000953s ]
INFO: [ app_init ] --END-- [ RunTime:0.006295s ]
INFO: [ app_begin ] --START--
INFO: Run Behavior\ReadHtmlCacheBehavior [ RunTime:0.003821s ]
INFO: [ app_begin ] --END-- [ RunTime:0.007648s ]
ERR: 23

[ 2014-08-26T17:54:14+08:00 ] 127.0.0.1 /ci-github/thinkphp/Api/v1/index/method/use2r.heddd
INFO: [ app_init ] --START--
INFO: Run Behavior\BuildLiteBehavior [ RunTime:0.001051s ]
INFO: [ app_init ] --END-- [ RunTime:0.008105s ]
INFO: [ app_begin ] --START--
INFO: Run Behavior\ReadHtmlCacheBehavior [ RunTime:0.005569s ]
INFO: [ app_begin ] --END-- [ RunTime:0.012909s ]
ERR: 23

[ 2014-08-26T17:54:16+08:00 ] 127.0.0.1 /ci-github/thinkphp/Api/v1/index/method/use2r.heddd
INFO: [ app_init ] --START--
INFO: Run Behavior\BuildLiteBehavior [ RunTime:0.000676s ]
INFO: [ app_init ] --END-- [ RunTime:0.005816s ]
INFO: [ app_begin ] --START--
INFO: Run Behavior\ReadHtmlCacheBehavior [ RunTime:0.003456s ]
INFO: [ app_begin ] --END-- [ RunTime:0.007806s ]
ERR: 23

[ 2014-08-26T17:54:43+08:00 ] 127.0.0.1 /ci-github/thinkphp/Api/v1/index/method/use2r.heddd
INFO: [ app_init ] --START--
INFO: Run Behavior\BuildLiteBehavior [ RunTime:0.000772s ]
INFO: [ app_init ] --END-- [ RunTime:0.007014s ]
INFO: [ app_begin ] --START--
INFO: Run Behavior\ReadHtmlCacheBehavior [ RunTime:0.004042s ]
INFO: [ app_begin ] --END-- [ RunTime:0.008150s ]
ERR: 23

[ 2014-08-26T20:58:27+08:00 ] 127.0.0.1 /ci-github/thinkphp/Api/v1/index/method/use2r.heddd/params%5By%5D/hi
INFO: [ app_init ] --START--
INFO: Run Behavior\BuildLiteBehavior [ RunTime:0.001207s ]
INFO: [ app_init ] --END-- [ RunTime:0.008635s ]
INFO: [ app_begin ] --START--
INFO: Run Behavior\ReadHtmlCacheBehavior [ RunTime:0.004152s ]
INFO: [ app_begin ] --END-- [ RunTime:0.008289s ]
ERR: 23

[ 2014-08-26T20:58:46+08:00 ] 127.0.0.1 /ci-github/thinkphp/Api/v1/index/method/user.heddd/params%5By%5D/hi
INFO: [ app_init ] --START--
INFO: Run Behavior\BuildLiteBehavior [ RunTime:0.001164s ]
INFO: [ app_init ] --END-- [ RunTime:0.009377s ]
INFO: [ app_begin ] --START--
INFO: Run Behavior\ReadHtmlCacheBehavior [ RunTime:0.004204s ]
INFO: [ app_begin ] --END-- [ RunTime:0.009441s ]
ERR: 23

[ 2014-08-26T20:59:29+08:00 ] 127.0.0.1 /ci-github/thinkphp/Api/v1/index/method/user.heddd/params%5By%5D/hi
INFO: [ app_init ] --START--
INFO: Run Behavior\BuildLiteBehavior [ RunTime:0.000672s ]
INFO: [ app_init ] --END-- [ RunTime:0.005366s ]
INFO: [ app_begin ] --START--
INFO: Run Behavior\ReadHtmlCacheBehavior [ RunTime:0.004751s ]
INFO: [ app_begin ] --END-- [ RunTime:0.009080s ]
ERR: 23

[ 2014-08-26T21:00:02+08:00 ] 127.0.0.1 /ci-github/thinkphp/Api/v1/index/method/user.heddd/params%5By%5D/hi/params%5Bx%5D/jjj
INFO: [ app_init ] --START--
INFO: Run Behavior\BuildLiteBehavior [ RunTime:0.001066s ]
INFO: [ app_init ] --END-- [ RunTime:0.008685s ]
INFO: [ app_begin ] --START--
INFO: Run Behavior\ReadHtmlCacheBehavior [ RunTime:0.004108s ]
INFO: [ app_begin ] --END-- [ RunTime:0.011125s ]
ERR: 20

