[ 2014-08-27T08:17:43+08:00 ] 127.0.0.1 /ci-github/thinkphp/Api/v1/index/method/user.heddd/params%5By%5D/hi/params%5Bx%5D/jjj
INFO: [ app_init ] --START--
INFO: Run Behavior\BuildLiteBehavior [ RunTime:0.000686s ]
INFO: [ app_init ] --END-- [ RunTime:0.041772s ]
INFO: [ app_begin ] --START--
INFO: Run Behavior\ReadHtmlCacheBehavior [ RunTime:0.034705s ]
INFO: [ app_begin ] --END-- [ RunTime:0.040083s ]
ERR: 20

[ 2014-08-27T08:32:51+08:00 ] 127.0.0.1 /ci-github/thinkphp/Api/v1/index/method/user.heddd/params%5By%5D/hi/params%5Bx%5D/jjj
INFO: [ app_init ] --START--
INFO: Run Behavior\BuildLiteBehavior [ RunTime:0.000731s ]
INFO: [ app_init ] --END-- [ RunTime:0.006224s ]
INFO: [ app_begin ] --START--
INFO: Run Behavior\ReadHtmlCacheBehavior [ RunTime:0.005595s ]
INFO: [ app_begin ] --END-- [ RunTime:0.009787s ]
ERR: 20

[ 2014-08-27T09:03:30+08:00 ] 127.0.0.1 /ci-github/thinkphp/Api/v1/index/method/user.heddd/params%5By%5D/hi/params%5Bx%5D/jjj
INFO: [ app_init ] --START--
INFO: Run Behavior\BuildLiteBehavior [ RunTime:0.000723s ]
INFO: [ app_init ] --END-- [ RunTime:0.005932s ]
INFO: [ app_begin ] --START--
INFO: Run Behavior\ReadHtmlCacheBehavior [ RunTime:0.003400s ]
INFO: [ app_begin ] --END-- [ RunTime:0.007254s ]
ERR: 20

[ 2014-08-27T09:09:01+08:00 ] 127.0.0.1 /ci-github/thinkphp/Api/v1/index/method/user.helloTo/params%5By%5D/hi/params%5Bx%5D/jjj
INFO: [ app_init ] --START--
INFO: Run Behavior\BuildLiteBehavior [ RunTime:0.000960s ]
INFO: [ app_init ] --END-- [ RunTime:0.009518s ]
INFO: [ app_begin ] --START--
INFO: Run Behavior\ReadHtmlCacheBehavior [ RunTime:0.005021s ]
INFO: [ app_begin ] --END-- [ RunTime:0.010402s ]
INFO: [ app_end ] --START--
INFO: Run Behavior\ShowPageTraceBehavior [ RunTime:0.004893s ]
INFO: [ app_end ] --END-- [ RunTime:0.011127s ]

[ 2014-08-27T09:10:09+08:00 ] 127.0.0.1 /ci-github/thinkphp/Api/v1/index
INFO: [ app_init ] --START--
INFO: Run Behavior\BuildLiteBehavior [ RunTime:0.001108s ]
INFO: [ app_init ] --END-- [ RunTime:0.005990s ]
INFO: [ app_begin ] --START--
INFO: Run Behavior\ReadHtmlCacheBehavior [ RunTime:0.004356s ]
INFO: [ app_begin ] --END-- [ RunTime:0.007356s ]
ERR: 23

[ 2014-08-27T09:29:40+08:00 ] 127.0.0.1 /ci-github/thinkphp/Api/v1/index
INFO: [ app_init ] --START--
INFO: Run Behavior\BuildLiteBehavior [ RunTime:0.000684s ]
INFO: [ app_init ] --END-- [ RunTime:0.005609s ]
INFO: [ app_begin ] --START--
INFO: Run Behavior\ReadHtmlCacheBehavior [ RunTime:0.005471s ]
INFO: [ app_begin ] --END-- [ RunTime:0.011044s ]
INFO: [ app_end ] --START--
INFO: Run Behavior\ShowPageTraceBehavior [ RunTime:0.003472s ]
INFO: [ app_end ] --END-- [ RunTime:0.007224s ]

[ 2014-08-27T09:30:09+08:00 ] 127.0.0.1 /ci-github/thinkphp/Api/v1/index
INFO: [ app_init ] --START--
INFO: Run Behavior\BuildLiteBehavior [ RunTime:0.000686s ]
INFO: [ app_init ] --END-- [ RunTime:0.005604s ]
INFO: [ app_begin ] --START--
INFO: Run Behavior\ReadHtmlCacheBehavior [ RunTime:0.004955s ]
INFO: [ app_begin ] --END-- [ RunTime:0.009539s ]
INFO: [ app_end ] --START--
INFO: Run Behavior\ShowPageTraceBehavior [ RunTime:0.003447s ]
INFO: [ app_end ] --END-- [ RunTime:0.007533s ]

[ 2014-08-27T12:21:39+08:00 ] 127.0.0.1 /ci-github/thinkphp/Api/v1/go
INFO: [ app_init ] --START--
INFO: Run Behavior\BuildLiteBehavior [ RunTime:0.000687s ]
INFO: [ app_init ] --END-- [ RunTime:0.092106s ]
INFO: [ app_begin ] --START--
INFO: Run Behavior\ReadHtmlCacheBehavior [ RunTime:0.032539s ]
INFO: [ app_begin ] --END-- [ RunTime:0.036217s ]

[ 2014-08-27T12:22:23+08:00 ] 127.0.0.1 /ci-github/thinkphp/Api/v1/go
INFO: [ app_init ] --START--
INFO: Run Behavior\BuildLiteBehavior [ RunTime:0.001051s ]
INFO: [ app_init ] --END-- [ RunTime:0.006631s ]
INFO: [ app_begin ] --START--
INFO: Run Behavior\ReadHtmlCacheBehavior [ RunTime:0.004501s ]
INFO: [ app_begin ] --END-- [ RunTime:0.008385s ]

[ 2014-08-27T12:31:02+08:00 ] 127.0.0.1 /ci-github/thinkphp/Api/v1/go
INFO: [ app_init ] --START--
INFO: Run Behavior\BuildLiteBehavior [ RunTime:0.000952s ]
INFO: [ app_init ] --END-- [ RunTime:0.006625s ]
INFO: [ app_begin ] --START--
INFO: Run Behavior\ReadHtmlCacheBehavior [ RunTime:0.006448s ]
INFO: [ app_begin ] --END-- [ RunTime:0.011124s ]
INFO: [ app_end ] --START--
INFO: Run Behavior\ShowPageTraceBehavior [ RunTime:0.010977s ]
INFO: [ app_end ] --END-- [ RunTime:0.014832s ]

[ 2014-08-27T12:44:49+08:00 ] 127.0.0.1 /ci-github/thinkphp/Api/v1/go
INFO: [ app_init ] --START--
INFO: Run Behavior\BuildLiteBehavior [ RunTime:0.000704s ]
INFO: [ app_init ] --END-- [ RunTime:0.006614s ]
INFO: [ app_begin ] --START--
INFO: Run Behavior\ReadHtmlCacheBehavior [ RunTime:0.003394s ]
INFO: [ app_begin ] --END-- [ RunTime:0.007526s ]
INFO: [ app_end ] --START--
INFO: Run Behavior\ShowPageTraceBehavior [ RunTime:0.004198s ]
INFO: [ app_end ] --END-- [ RunTime:0.009317s ]

[ 2014-08-27T13:05:23+08:00 ] 127.0.0.1 /ci-github/thinkphp/Api/v1/go
INFO: [ app_init ] --START--
INFO: Run Behavior\BuildLiteBehavior [ RunTime:0.000650s ]
INFO: [ app_init ] --END-- [ RunTime:0.005271s ]
INFO: [ app_begin ] --START--
INFO: Run Behavior\ReadHtmlCacheBehavior [ RunTime:0.003745s ]
INFO: [ app_begin ] --END-- [ RunTime:0.007490s ]
INFO: [ app_end ] --START--
INFO: Run Behavior\ShowPageTraceBehavior [ RunTime:0.003556s ]
INFO: [ app_end ] --END-- [ RunTime:0.007945s ]

[ 2014-08-27T14:19:21+08:00 ] 127.0.0.1 /ci-github/thinkphp/Api/v1/go
INFO: [ app_init ] --START--
INFO: Run Behavior\BuildLiteBehavior [ RunTime:0.000955s ]
INFO: [ app_init ] --END-- [ RunTime:0.005683s ]
INFO: [ app_begin ] --START--
INFO: Run Behavior\ReadHtmlCacheBehavior [ RunTime:0.003522s ]
INFO: [ app_begin ] --END-- [ RunTime:0.007303s ]

[ 2014-08-27T14:19:49+08:00 ] 127.0.0.1 /ci-github/thinkphp/Api/v1/go
INFO: [ app_init ] --START--
INFO: Run Behavior\BuildLiteBehavior [ RunTime:0.000698s ]
INFO: [ app_init ] --END-- [ RunTime:0.005469s ]
INFO: [ app_begin ] --START--
INFO: Run Behavior\ReadHtmlCacheBehavior [ RunTime:0.005322s ]
INFO: [ app_begin ] --END-- [ RunTime:0.009494s ]

[ 2014-08-27T15:25:10+08:00 ] 127.0.0.1 /ci-github/thinkphp/Api/v1/go
INFO: [ app_init ] --START--
INFO: Run Behavior\BuildLiteBehavior [ RunTime:0.000666s ]
INFO: [ app_init ] --END-- [ RunTime:0.005871s ]
INFO: [ app_begin ] --START--
INFO: Run Behavior\ReadHtmlCacheBehavior [ RunTime:0.003599s ]
INFO: [ app_begin ] --END-- [ RunTime:0.007298s ]

[ 2014-08-27T15:25:46+08:00 ] 127.0.0.1 /ci-github/thinkphp/Api/v1/go
INFO: [ app_init ] --START--
INFO: Run Behavior\BuildLiteBehavior [ RunTime:0.000692s ]
INFO: [ app_init ] --END-- [ RunTime:0.005694s ]
INFO: [ app_begin ] --START--
INFO: Run Behavior\ReadHtmlCacheBehavior [ RunTime:0.003306s ]
INFO: [ app_begin ] --END-- [ RunTime:0.007064s ]

[ 2014-08-27T15:29:43+08:00 ] 127.0.0.1 /ci-github/thinkphp/Api/v1/go
INFO: [ app_init ] --START--
INFO: Run Behavior\BuildLiteBehavior [ RunTime:0.000661s ]
INFO: [ app_init ] --END-- [ RunTime:0.005181s ]
INFO: [ app_begin ] --START--
INFO: Run Behavior\ReadHtmlCacheBehavior [ RunTime:0.003662s ]
INFO: [ app_begin ] --END-- [ RunTime:0.007628s ]
INFO: [ app_end ] --START--
INFO: Run Behavior\ShowPageTraceBehavior [ RunTime:0.004988s ]
INFO: [ app_end ] --END-- [ RunTime:0.009078s ]

[ 2014-08-27T15:31:43+08:00 ] 127.0.0.1 /ci-github/thinkphp/Api/v1/go
INFO: [ app_init ] --START--
INFO: Run Behavior\BuildLiteBehavior [ RunTime:0.001545s ]
INFO: [ app_init ] --END-- [ RunTime:0.006347s ]
INFO: [ app_begin ] --START--
INFO: Run Behavior\ReadHtmlCacheBehavior [ RunTime:0.003531s ]
INFO: [ app_begin ] --END-- [ RunTime:0.007408s ]
INFO: [ app_end ] --START--
INFO: Run Behavior\ShowPageTraceBehavior [ RunTime:0.003684s ]
INFO: [ app_end ] --END-- [ RunTime:0.008498s ]

[ 2014-08-27T15:32:34+08:00 ] 127.0.0.1 /ci-github/thinkphp/Api/v1/go
INFO: [ app_init ] --START--
INFO: Run Behavior\BuildLiteBehavior [ RunTime:0.000645s ]
INFO: [ app_init ] --END-- [ RunTime:0.005015s ]
INFO: [ app_begin ] --START--
INFO: Run Behavior\ReadHtmlCacheBehavior [ RunTime:0.004238s ]
INFO: [ app_begin ] --END-- [ RunTime:0.009467s ]

[ 2014-08-27T15:32:59+08:00 ] 127.0.0.1 /ci-github/thinkphp/Api/v1/go
INFO: [ app_init ] --START--
INFO: Run Behavior\BuildLiteBehavior [ RunTime:0.000692s ]
INFO: [ app_init ] --END-- [ RunTime:0.007281s ]
INFO: [ app_begin ] --START--
INFO: Run Behavior\ReadHtmlCacheBehavior [ RunTime:0.003839s ]
INFO: [ app_begin ] --END-- [ RunTime:0.007533s ]

[ 2014-08-27T15:34:19+08:00 ] 127.0.0.1 /ci-github/thinkphp/Api/v1/go
INFO: [ app_init ] --START--
INFO: Run Behavior\BuildLiteBehavior [ RunTime:0.001044s ]
INFO: [ app_init ] --END-- [ RunTime:0.006112s ]
INFO: [ app_begin ] --START--
INFO: Run Behavior\ReadHtmlCacheBehavior [ RunTime:0.004002s ]
INFO: [ app_begin ] --END-- [ RunTime:0.007723s ]

[ 2014-08-27T15:36:47+08:00 ] 127.0.0.1 /ci-github/thinkphp/Api/v1/go
INFO: [ app_init ] --START--
INFO: Run Behavior\BuildLiteBehavior [ RunTime:0.000647s ]
INFO: [ app_init ] --END-- [ RunTime:0.004983s ]
INFO: [ app_begin ] --START--
INFO: Run Behavior\ReadHtmlCacheBehavior [ RunTime:0.004750s ]
INFO: [ app_begin ] --END-- [ RunTime:0.008851s ]

[ 2014-08-27T15:37:06+08:00 ] 127.0.0.1 /ci-github/thinkphp/Api/v1/go
INFO: [ app_init ] --START--
INFO: Run Behavior\BuildLiteBehavior [ RunTime:0.000732s ]
INFO: [ app_init ] --END-- [ RunTime:0.005604s ]
INFO: [ app_begin ] --START--
INFO: Run Behavior\ReadHtmlCacheBehavior [ RunTime:0.003595s ]
INFO: [ app_begin ] --END-- [ RunTime:0.008796s ]
INFO: [ app_end ] --START--
INFO: Run Behavior\ShowPageTraceBehavior [ RunTime:0.003470s ]
INFO: [ app_end ] --END-- [ RunTime:0.008044s ]

[ 2014-08-27T15:37:25+08:00 ] 127.0.0.1 /ci-github/thinkphp/Api/v1/go
INFO: [ app_init ] --START--
INFO: Run Behavior\BuildLiteBehavior [ RunTime:0.000695s ]
INFO: [ app_init ] --END-- [ RunTime:0.005114s ]
INFO: [ app_begin ] --START--
INFO: Run Behavior\ReadHtmlCacheBehavior [ RunTime:0.003343s ]
INFO: [ app_begin ] --END-- [ RunTime:0.007120s ]
INFO: [ app_end ] --START--
INFO: Run Behavior\ShowPageTraceBehavior [ RunTime:0.004155s ]
INFO: [ app_end ] --END-- [ RunTime:0.008548s ]

[ 2014-08-27T15:38:04+08:00 ] 127.0.0.1 /ci-github/thinkphp/Api/v1/go
INFO: [ app_init ] --START--
INFO: Run Behavior\BuildLiteBehavior [ RunTime:0.000806s ]
INFO: [ app_init ] --END-- [ RunTime:0.007602s ]
INFO: [ app_begin ] --START--
INFO: Run Behavior\ReadHtmlCacheBehavior [ RunTime:0.003836s ]
INFO: [ app_begin ] --END-- [ RunTime:0.008245s ]
INFO: [ app_end ] --START--
INFO: Run Behavior\ShowPageTraceBehavior [ RunTime:0.004067s ]
INFO: [ app_end ] --END-- [ RunTime:0.008157s ]

[ 2014-08-27T15:38:13+08:00 ] 127.0.0.1 /ci-github/thinkphp/Api/v1/go
INFO: [ app_init ] --START--
INFO: Run Behavior\BuildLiteBehavior [ RunTime:0.000645s ]
INFO: [ app_init ] --END-- [ RunTime:0.005857s ]
INFO: [ app_begin ] --START--
INFO: Run Behavior\ReadHtmlCacheBehavior [ RunTime:0.003774s ]
INFO: [ app_begin ] --END-- [ RunTime:0.008520s ]
INFO: [ app_end ] --START--
INFO: Run Behavior\ShowPageTraceBehavior [ RunTime:0.005559s ]
INFO: [ app_end ] --END-- [ RunTime:0.009143s ]

[ 2014-08-27T15:38:42+08:00 ] 127.0.0.1 /ci-github/thinkphp/Api/v1/go
INFO: [ app_init ] --START--
INFO: Run Behavior\BuildLiteBehavior [ RunTime:0.000665s ]
INFO: [ app_init ] --END-- [ RunTime:0.006362s ]
INFO: [ app_begin ] --START--
INFO: Run Behavior\ReadHtmlCacheBehavior [ RunTime:0.003565s ]
INFO: [ app_begin ] --END-- [ RunTime:0.007484s ]
INFO: [ app_end ] --START--
INFO: Run Behavior\ShowPageTraceBehavior [ RunTime:0.003476s ]
INFO: [ app_end ] --END-- [ RunTime:0.007617s ]

[ 2014-08-27T15:42:17+08:00 ] 127.0.0.1 /ci-github/thinkphp/Api/v1/go
INFO: [ app_init ] --START--
INFO: Run Behavior\BuildLiteBehavior [ RunTime:0.002139s ]
INFO: [ app_init ] --END-- [ RunTime:0.012425s ]
INFO: [ app_begin ] --START--
INFO: Run Behavior\ReadHtmlCacheBehavior [ RunTime:0.003696s ]
INFO: [ app_begin ] --END-- [ RunTime:0.007811s ]
INFO: [ app_end ] --START--
INFO: Run Behavior\ShowPageTraceBehavior [ RunTime:0.003475s ]
INFO: [ app_end ] --END-- [ RunTime:0.008311s ]

[ 2014-08-27T15:56:54+08:00 ] 127.0.0.1 /ci-github/thinkphp/Api/v1/go
INFO: [ app_init ] --START--
INFO: Run Behavior\BuildLiteBehavior [ RunTime:0.000681s ]
INFO: [ app_init ] --END-- [ RunTime:0.005233s ]
INFO: [ app_begin ] --START--
INFO: Run Behavior\ReadHtmlCacheBehavior [ RunTime:0.004694s ]
INFO: [ app_begin ] --END-- [ RunTime:0.009067s ]

[ 2014-08-27T15:57:49+08:00 ] 127.0.0.1 /ci-github/thinkphp/Api/v1/go
INFO: [ app_init ] --START--
INFO: Run Behavior\BuildLiteBehavior [ RunTime:0.000675s ]
INFO: [ app_init ] --END-- [ RunTime:0.005030s ]
INFO: [ app_begin ] --START--
INFO: Run Behavior\ReadHtmlCacheBehavior [ RunTime:0.004705s ]
INFO: [ app_begin ] --END-- [ RunTime:0.009326s ]

[ 2014-08-27T15:58:35+08:00 ] 127.0.0.1 /ci-github/thinkphp/Api/v1/go
INFO: [ app_init ] --START--
INFO: Run Behavior\BuildLiteBehavior [ RunTime:0.001320s ]
INFO: [ app_init ] --END-- [ RunTime:0.008178s ]
INFO: [ app_begin ] --START--
INFO: Run Behavior\ReadHtmlCacheBehavior [ RunTime:0.003511s ]
INFO: [ app_begin ] --END-- [ RunTime:0.007172s ]

[ 2014-08-27T16:00:00+08:00 ] 127.0.0.1 /ci-github/thinkphp/Api/v1/go
INFO: [ app_init ] --START--
INFO: Run Behavior\BuildLiteBehavior [ RunTime:0.001716s ]
INFO: [ app_init ] --END-- [ RunTime:0.009965s ]
INFO: [ app_begin ] --START--
INFO: Run Behavior\ReadHtmlCacheBehavior [ RunTime:0.003692s ]
INFO: [ app_begin ] --END-- [ RunTime:0.007787s ]

[ 2014-08-27T16:00:19+08:00 ] 127.0.0.1 /ci-github/thinkphp/Api/v1/go
INFO: [ app_init ] --START--
INFO: Run Behavior\BuildLiteBehavior [ RunTime:0.000814s ]
INFO: [ app_init ] --END-- [ RunTime:0.006875s ]
INFO: [ app_begin ] --START--
INFO: Run Behavior\ReadHtmlCacheBehavior [ RunTime:0.010312s ]
INFO: [ app_begin ] --END-- [ RunTime:0.015400s ]

[ 2014-08-27T16:01:49+08:00 ] 127.0.0.1 /ci-github/thinkphp/Api/v1/go
INFO: [ app_init ] --START--
INFO: Run Behavior\BuildLiteBehavior [ RunTime:0.001005s ]
INFO: [ app_init ] --END-- [ RunTime:0.007773s ]
INFO: [ app_begin ] --START--
INFO: Run Behavior\ReadHtmlCacheBehavior [ RunTime:0.003608s ]
INFO: [ app_begin ] --END-- [ RunTime:0.007289s ]

[ 2014-08-27T16:04:35+08:00 ] 127.0.0.1 /ci-github/thinkphp/Api/v1/go
INFO: [ app_init ] --START--
INFO: Run Behavior\BuildLiteBehavior [ RunTime:0.000646s ]
INFO: [ app_init ] --END-- [ RunTime:0.004984s ]
INFO: [ app_begin ] --START--
INFO: Run Behavior\ReadHtmlCacheBehavior [ RunTime:0.003497s ]
INFO: [ app_begin ] --END-- [ RunTime:0.008240s ]

[ 2014-08-27T16:20:57+08:00 ] 127.0.0.1 /ci-github/thinkphp/Api/v1/go
INFO: [ app_init ] --START--
INFO: Run Behavior\BuildLiteBehavior [ RunTime:0.000672s ]
INFO: [ app_init ] --END-- [ RunTime:0.005773s ]
INFO: [ app_begin ] --START--
INFO: Run Behavior\ReadHtmlCacheBehavior [ RunTime:0.003320s ]
INFO: [ app_begin ] --END-- [ RunTime:0.007345s ]

[ 2014-08-27T17:14:07+08:00 ] 127.0.0.1 /ci-github/thinkphp/Api/v1/go
INFO: [ app_init ] --START--
INFO: Run Behavior\BuildLiteBehavior [ RunTime:0.000752s ]
INFO: [ app_init ] --END-- [ RunTime:0.037746s ]
INFO: [ app_begin ] --START--
INFO: Run Behavior\ReadHtmlCacheBehavior [ RunTime:0.037039s ]
INFO: [ app_begin ] --END-- [ RunTime:0.041241s ]

[ 2014-08-27T17:39:15+08:00 ] 127.0.0.1 /ci-github/thinkphp/Api/v1/go
INFO: [ app_init ] --START--
INFO: Run Behavior\BuildLiteBehavior [ RunTime:0.000713s ]
INFO: [ app_init ] --END-- [ RunTime:0.005462s ]
INFO: [ app_begin ] --START--
INFO: Run Behavior\ReadHtmlCacheBehavior [ RunTime:0.003691s ]
INFO: [ app_begin ] --END-- [ RunTime:0.007522s ]

[ 2014-08-27T17:39:32+08:00 ] 127.0.0.1 /ci-github/thinkphp/Api/v1/go
INFO: [ app_init ] --START--
INFO: Run Behavior\BuildLiteBehavior [ RunTime:0.000873s ]
INFO: [ app_init ] --END-- [ RunTime:0.006264s ]
INFO: [ app_begin ] --START--
INFO: Run Behavior\ReadHtmlCacheBehavior [ RunTime:0.003624s ]
INFO: [ app_begin ] --END-- [ RunTime:0.008434s ]

[ 2014-08-27T17:40:06+08:00 ] 127.0.0.1 /ci-github/thinkphp/Api/v1/go
INFO: [ app_init ] --START--
INFO: Run Behavior\BuildLiteBehavior [ RunTime:0.000679s ]
INFO: [ app_init ] --END-- [ RunTime:0.005274s ]
INFO: [ app_begin ] --START--
INFO: Run Behavior\ReadHtmlCacheBehavior [ RunTime:0.004382s ]
INFO: [ app_begin ] --END-- [ RunTime:0.009801s ]

[ 2014-08-27T17:42:27+08:00 ] 127.0.0.1 /ci-github/thinkphp/Api/v1/go
INFO: [ app_init ] --START--
INFO: Run Behavior\BuildLiteBehavior [ RunTime:0.000661s ]
INFO: [ app_init ] --END-- [ RunTime:0.005730s ]
INFO: [ app_begin ] --START--
INFO: Run Behavior\ReadHtmlCacheBehavior [ RunTime:0.003607s ]
INFO: [ app_begin ] --END-- [ RunTime:0.008109s ]

[ 2014-08-27T17:43:26+08:00 ] 127.0.0.1 /ci-github/thinkphp/Api/v1/go
INFO: [ app_init ] --START--
INFO: Run Behavior\BuildLiteBehavior [ RunTime:0.000670s ]
INFO: [ app_init ] --END-- [ RunTime:0.005814s ]
INFO: [ app_begin ] --START--
INFO: Run Behavior\ReadHtmlCacheBehavior [ RunTime:0.005254s ]
INFO: [ app_begin ] --END-- [ RunTime:0.010694s ]

