[ 2014-08-25T08:42:46+08:00 ] 127.0.0.1 /ci-github/thinkphp/
INFO: [ app_init ] --START--
INFO: Run Behavior\BuildLiteBehavior [ RunTime:0.000966s ]
INFO: [ app_init ] --END-- [ RunTime:0.007470s ]
INFO: [ app_begin ] --START--
INFO: Run Behavior\ReadHtmlCacheBehavior [ RunTime:0.004032s ]
INFO: [ app_begin ] --END-- [ RunTime:0.007789s ]
INFO: [ view_parse ] --START--
INFO: [ template_filter ] --START--
INFO: Run Behavior\ContentReplaceBehavior [ RunTime:0.001410s ]
INFO: [ template_filter ] --END-- [ RunTime:0.005202s ]
INFO: Run Behavior\ParseTemplateBehavior [ RunTime:0.046958s ]
INFO: [ view_parse ] --END-- [ RunTime:0.050687s ]
INFO: [ view_filter ] --START--
INFO: Run Behavior\WriteHtmlCacheBehavior [ RunTime:0.003058s ]
INFO: [ view_filter ] --END-- [ RunTime:0.006954s ]
INFO: [ app_end ] --START--
INFO: Run Behavior\ShowPageTraceBehavior [ RunTime:0.003311s ]
INFO: [ app_end ] --END-- [ RunTime:0.006934s ]

[ 2014-08-25T08:43:07+08:00 ] 127.0.0.1 /ci-github/thinkphp/
INFO: [ app_init ] --START--
INFO: Run Behavior\BuildLiteBehavior [ RunTime:0.000682s ]
INFO: [ app_init ] --END-- [ RunTime:0.005531s ]
INFO: [ app_begin ] --START--
INFO: Run Behavior\ReadHtmlCacheBehavior [ RunTime:0.004429s ]
INFO: [ app_begin ] --END-- [ RunTime:0.008563s ]
INFO: [ view_parse ] --START--
INFO: Run Behavior\ParseTemplateBehavior [ RunTime:0.006473s ]
INFO: [ view_parse ] --END-- [ RunTime:0.011349s ]
INFO: [ view_filter ] --START--
INFO: Run Behavior\WriteHtmlCacheBehavior [ RunTime:0.003440s ]
INFO: [ view_filter ] --END-- [ RunTime:0.007902s ]
INFO: [ app_end ] --START--
INFO: Run Behavior\ShowPageTraceBehavior [ RunTime:0.004816s ]
INFO: [ app_end ] --END-- [ RunTime:0.009904s ]

[ 2014-08-25T08:44:04+08:00 ] 127.0.0.1 /ci-github/thinkphp/
INFO: [ app_init ] --START--
INFO: Run Behavior\BuildLiteBehavior [ RunTime:0.001359s ]
INFO: [ app_init ] --END-- [ RunTime:0.008907s ]
INFO: [ app_begin ] --START--
INFO: Run Behavior\ReadHtmlCacheBehavior [ RunTime:0.003370s ]
INFO: [ app_begin ] --END-- [ RunTime:0.008022s ]
INFO: [ view_parse ] --START--
INFO: Run Behavior\ParseTemplateBehavior [ RunTime:0.008138s ]
INFO: [ view_parse ] --END-- [ RunTime:0.012214s ]
INFO: [ view_filter ] --START--
INFO: Run Behavior\WriteHtmlCacheBehavior [ RunTime:0.004390s ]
INFO: [ view_filter ] --END-- [ RunTime:0.008302s ]
INFO: [ app_end ] --START--
INFO: Run Behavior\ShowPageTraceBehavior [ RunTime:0.004085s ]
INFO: [ app_end ] --END-- [ RunTime:0.008279s ]

[ 2014-08-25T08:44:54+08:00 ] 127.0.0.1 /ci-github/thinkphp/
INFO: [ app_init ] --START--
INFO: Run Behavior\BuildLiteBehavior [ RunTime:0.000658s ]
INFO: [ app_init ] --END-- [ RunTime:0.005111s ]
INFO: [ app_begin ] --START--
INFO: Run Behavior\ReadHtmlCacheBehavior [ RunTime:0.003387s ]
INFO: [ app_begin ] --END-- [ RunTime:0.007400s ]
INFO: [ view_parse ] --START--
INFO: Run Behavior\ParseTemplateBehavior [ RunTime:0.005918s ]
INFO: [ view_parse ] --END-- [ RunTime:0.009750s ]
INFO: [ view_filter ] --START--
INFO: Run Behavior\WriteHtmlCacheBehavior [ RunTime:0.003064s ]
INFO: [ view_filter ] --END-- [ RunTime:0.007610s ]
INFO: [ app_end ] --START--
INFO: Run Behavior\ShowPageTraceBehavior [ RunTime:0.003366s ]
INFO: [ app_end ] --END-- [ RunTime:0.007486s ]

